<?xml version="1.0" encoding="UTF-8" ?>
<testsuite failures="0" time="0.016" errors="0" skipped="0" tests="30" name="PropertySerializationTest">
  <properties>
    <property name="java.runtime.name" value="Java(TM) SE Runtime Environment"/>
    <property name="sun.boot.library.path" value="/Library/Java/JavaVirtualMachines/jdk1.7.0_76.jdk/Contents/Home/jre/lib"/>
    <property name="java.vm.version" value="24.76-b04"/>
    <property name="user.country.format" value="CH"/>
    <property name="gopherProxySet" value="false"/>
    <property name="java.vm.vendor" value="Oracle Corporation"/>
    <property name="java.vendor.url" value="http://java.oracle.com/"/>
    <property name="path.separator" value=":"/>
    <property name="guice.disable.misplaced.annotation.check" value="true"/>
    <property name="java.vm.name" value="Java HotSpot(TM) 64-Bit Server VM"/>
    <property name="file.encoding.pkg" value="sun.io"/>
    <property name="user.country" value="US"/>
    <property name="sun.java.launcher" value="SUN_STANDARD"/>
    <property name="sun.os.patch.level" value="unknown"/>
    <property name="java.vm.specification.name" value="Java Virtual Machine Specification"/>
    <property name="user.dir" value="/Users/bruno/proj/opentdc/opt/swagger/jre-1.7/swagger-core-1.5.0"/>
    <property name="java.runtime.version" value="1.7.0_76-b13"/>
    <property name="java.awt.graphicsenv" value="sun.awt.CGraphicsEnvironment"/>
    <property name="java.endorsed.dirs" value="/Library/Java/JavaVirtualMachines/jdk1.7.0_76.jdk/Contents/Home/jre/lib/endorsed"/>
    <property name="os.arch" value="x86_64"/>
    <property name="java.io.tmpdir" value="/var/folders/sr/_lmnlgk91bs228c66tvzxvnm0000gn/T/"/>
    <property name="line.separator" value="
"/>
    <property name="java.vm.specification.vendor" value="Oracle Corporation"/>
    <property name="os.name" value="Mac OS X"/>
    <property name="classworlds.conf" value="/Users/bruno/proj/rep/apache-maven-3.2.5/bin/m2.conf"/>
    <property name="sun.jnu.encoding" value="UTF-8"/>
    <property name="java.library.path" value="/Users/bruno/Library/Java/Extensions:/Library/Java/Extensions:/Network/Library/Java/Extensions:/System/Library/Java/Extensions:/usr/lib/java:."/>
    <property name="java.specification.name" value="Java Platform API Specification"/>
    <property name="java.class.version" value="51.0"/>
    <property name="sun.management.compiler" value="HotSpot 64-Bit Tiered Compilers"/>
    <property name="os.version" value="10.10.3"/>
    <property name="http.nonProxyHosts" value="local|*.local|169.254/16|*.169.254/16"/>
    <property name="user.home" value="/Users/bruno"/>
    <property name="user.timezone" value="Europe/Zurich"/>
    <property name="java.awt.printerjob" value="sun.lwawt.macosx.CPrinterJob"/>
    <property name="java.specification.version" value="1.7"/>
    <property name="file.encoding" value="UTF-8"/>
    <property name="user.name" value="bruno"/>
    <property name="java.class.path" value="/Users/bruno/proj/rep/apache-maven-3.2.5/boot/plexus-classworlds-2.5.2.jar"/>
    <property name="java.vm.specification.version" value="1.7"/>
    <property name="sun.arch.data.model" value="64"/>
    <property name="java.home" value="/Library/Java/JavaVirtualMachines/jdk1.7.0_76.jdk/Contents/Home/jre"/>
    <property name="sun.java.command" value="org.codehaus.plexus.classworlds.launcher.Launcher install"/>
    <property name="java.specification.vendor" value="Oracle Corporation"/>
    <property name="user.language" value="en"/>
    <property name="user.language.format" value="de"/>
    <property name="awt.toolkit" value="sun.lwawt.macosx.LWCToolkit"/>
    <property name="java.vm.info" value="mixed mode"/>
    <property name="java.version" value="1.7.0_76"/>
    <property name="java.ext.dirs" value="/Users/bruno/Library/Java/Extensions:/Library/Java/JavaVirtualMachines/jdk1.7.0_76.jdk/Contents/Home/jre/lib/ext:/Library/Java/Extensions:/Network/Library/Java/Extensions:/System/Library/Java/Extensions:/usr/lib/java"/>
    <property name="sun.boot.class.path" value="/Library/Java/JavaVirtualMachines/jdk1.7.0_76.jdk/Contents/Home/jre/lib/resources.jar:/Library/Java/JavaVirtualMachines/jdk1.7.0_76.jdk/Contents/Home/jre/lib/rt.jar:/Library/Java/JavaVirtualMachines/jdk1.7.0_76.jdk/Contents/Home/jre/lib/sunrsasign.jar:/Library/Java/JavaVirtualMachines/jdk1.7.0_76.jdk/Contents/Home/jre/lib/jsse.jar:/Library/Java/JavaVirtualMachines/jdk1.7.0_76.jdk/Contents/Home/jre/lib/jce.jar:/Library/Java/JavaVirtualMachines/jdk1.7.0_76.jdk/Contents/Home/jre/lib/charsets.jar:/Library/Java/JavaVirtualMachines/jdk1.7.0_76.jdk/Contents/Home/jre/lib/jfr.jar:/Library/Java/JavaVirtualMachines/jdk1.7.0_76.jdk/Contents/Home/jre/classes"/>
    <property name="java.vendor" value="Oracle Corporation"/>
    <property name="maven.home" value="/Users/bruno/proj/rep/apache-maven-3.2.5"/>
    <property name="file.separator" value="/"/>
    <property name="java.vendor.url.bug" value="http://bugreport.sun.com/bugreport/"/>
    <property name="sun.cpu.endian" value="little"/>
    <property name="sun.io.unicode.encoding" value="UnicodeBig"/>
    <property name="socksNonProxyHosts" value="local|*.local|169.254/16|*.169.254/16"/>
    <property name="ftp.nonProxyHosts" value="local|*.local|169.254/16|*.169.254/16"/>
    <property name="sun.cpu.isalist" value=""/>
  </properties>
  <testcase time="0" classname="PropertySerializationTest" name="should serialize a BooleanProperty"/>
  <testcase time="0.001" classname="PropertySerializationTest" name="should deserialize a BooleanProperty"/>
  <testcase time="0" classname="PropertySerializationTest" name="should serialize a DateProperty"/>
  <testcase time="0.001" classname="PropertySerializationTest" name="should deserialize a DateProperty"/>
  <testcase time="0" classname="PropertySerializationTest" name="should serialize a DateTimeProperty"/>
  <testcase time="0" classname="PropertySerializationTest" name="should deserialize a DateTimeProperty"/>
  <testcase time="0" classname="PropertySerializationTest" name="should serialize a DoubleProperty"/>
  <testcase time="0.001" classname="PropertySerializationTest" name="should deserialize a DoubleProperty"/>
  <testcase time="0" classname="PropertySerializationTest" name="should serialize a FloatProperty"/>
  <testcase time="0.001" classname="PropertySerializationTest" name="should deserialize a FloatProperty"/>
  <testcase time="0.001" classname="PropertySerializationTest" name="should serialize an IntegerProperty"/>
  <testcase time="0.001" classname="PropertySerializationTest" name="should deserialize a IntegerProperty"/>
  <testcase time="0.001" classname="PropertySerializationTest" name="should serialize a LongProperty"/>
  <testcase time="0.001" classname="PropertySerializationTest" name="should deserialize a LongProperty"/>
  <testcase time="0" classname="PropertySerializationTest" name="should serialize a string MapProperty"/>
  <testcase time="0" classname="PropertySerializationTest" name="should deserialize a string MapProperty"/>
  <testcase time="0" classname="PropertySerializationTest" name="should serialize a integer MapProperty"/>
  <testcase time="0.001" classname="PropertySerializationTest" name="should deserialize a integer MapProperty"/>
  <testcase time="0.001" classname="PropertySerializationTest" name="should serialize a long MapProperty"/>
  <testcase time="0.001" classname="PropertySerializationTest" name="should deserialize a long MapProperty"/>
  <testcase time="0.001" classname="PropertySerializationTest" name="should serialize a RefProperty"/>
  <testcase time="0" classname="PropertySerializationTest" name="should deserialize a RefProperty"/>
  <testcase time="0" classname="PropertySerializationTest" name="should serialize a StringProperty"/>
  <testcase time="0.001" classname="PropertySerializationTest" name="should deserialize a StringProperty"/>
  <testcase time="0.001" classname="PropertySerializationTest" name="should serialize a StringProperty with enums"/>
  <testcase time="0.001" classname="PropertySerializationTest" name="should deserialize a StringProperty with enums"/>
  <testcase time="0" classname="PropertySerializationTest" name="should serialize a string array property"/>
  <testcase time="0" classname="PropertySerializationTest" name="should deserialize a string array property"/>
  <testcase time="0" classname="PropertySerializationTest" name="should serialize a string property with readOnly set"/>
  <testcase time="0.001" classname="PropertySerializationTest" name="should serialize a string property with readOnly unset"/>
</testsuite>